生成启动时间为 2017/8/31 17:46:45。
     1>项目“I:\visual studio 2010 proj\openCV3\leaning_openCV3\capter9\compareHist\compareHist\compareHist.vcxproj”在节点 2 上(build 个目标)。
     1>InitializeBuildStatus:
         正在创建“Debug\compareHist.unsuccessfulbuild”，因为已指定“AlwaysCreate”。
       ClCompile:
         C:\Program Files (x86)\Microsoft Visual Studio 10.0\VC\bin\CL.exe /c /ZI /nologo /W3 /WX- /Od /Oy- /D WIN32 /D _DEBUG /D _CONSOLE /D _UNICODE /D UNICODE /Gm /EHsc /RTC1 /MDd /GS /fp:precise /Zc:wchar_t /Zc:forScope /Fo"Debug\\" /Fd"Debug\vc100.pdb" /Gd /TP /analyze- /errorReport:prompt main.cpp
         main.cpp
       ManifestResourceCompile:
         所有输出均为最新。
       Link:
         C:\Program Files (x86)\Microsoft Visual Studio 10.0\VC\bin\link.exe /ERRORREPORT:PROMPT /OUT:"I:\visual studio 2010 proj\openCV3\leaning_openCV3\capter9\compareHist\Debug\compareHist.exe" /INCREMENTAL /NOLOGO opencv_calib3d2411d.lib opencv_contrib2411d.lib opencv_core2411d.lib opencv_features2d2411d.lib opencv_flann2411d.lib opencv_gpu2411d.lib opencv_highgui2411d.lib opencv_imgproc2411d.lib opencv_legacy2411d.lib opencv_ml2411d.lib opencv_nonfree2411d.lib opencv_objdetect2411d.lib opencv_ocl2411d.lib opencv_photo2411d.lib opencv_stitching2411d.lib opencv_superres2411d.lib opencv_ts2411d.lib opencv_video2411d.lib opencv_videostab2411d.lib kernel32.lib user32.lib gdi32.lib winspool.lib comdlg32.lib advapi32.lib shell32.lib ole32.lib oleaut32.lib uuid.lib odbc32.lib odbccp32.lib /MANIFEST /ManifestFile:"Debug\compareHist.exe.intermediate.manifest" /MANIFESTUAC:"level='asInvoker' uiAccess='false'" /DEBUG /PDB:"I:\visual studio 2010 proj\openCV3\leaning_openCV3\capter9\compareHist\Debug\compareHist.pdb" /SUBSYSTEM:CONSOLE /TLBID:1 /DYNAMICBASE /NXCOMPAT /IMPLIB:"I:\visual studio 2010 proj\openCV3\leaning_openCV3\capter9\compareHist\Debug\compareHist.lib" /MACHINE:X86 Debug\compareHist.exe.embed.manifest.res
         Debug\main.obj
       Manifest:
         C:\Program Files (x86)\Microsoft SDKs\Windows\v7.0A\bin\mt.exe /nologo /verbose /out:"Debug\compareHist.exe.embed.manifest" /manifest Debug\compareHist.exe.intermediate.manifest
         所有输出均为最新。
       LinkEmbedManifest:
         所有输出均为最新。
         compareHist.vcxproj -> I:\visual studio 2010 proj\openCV3\leaning_openCV3\capter9\compareHist\Debug\compareHist.exe
       FinalizeBuildStatus:
         正在删除文件“Debug\compareHist.unsuccessfulbuild”。
         正在对“Debug\compareHist.lastbuildstate”执行 Touch 任务。
     1>已完成生成项目“I:\visual studio 2010 proj\openCV3\leaning_openCV3\capter9\compareHist\compareHist\compareHist.vcxproj”(build 个目标)的操作。

生成成功。

已用时间 00:00:01.10
